\BOOKMARK [0][-]{Doc-Start}{\376\377\000A\000B\000S\000T\000R\000A\000C\000T}{}% 1
\BOOKMARK [0][-]{Doc-Start}{\376\377\000D\000E\000C\000L\000A\000R\000A\000T\000I\000O\000N}{}% 2
\BOOKMARK [0][-]{Doc-Start}{\376\377\000A\000C\000K\000N\000O\000W\000L\000E\000D\000G\000E\000M\000E\000N\000T\000S}{}% 3
\BOOKMARK [0][-]{Doc-Start}{\376\377\000T\000A\000B\000L\000E\000\040\000O\000F\000\040\000C\000O\000N\000T\000E\000N\000T\000S}{}% 4
\BOOKMARK [0][-]{Doc-Start}{\376\377\000L\000I\000S\000T\000\040\000O\000F\000\040\000F\000I\000G\000U\000R\000E\000S}{}% 5
\BOOKMARK [0][-]{Doc-Start}{\376\377\000L\000I\000S\000T\000\040\000O\000F\000\040\000T\000A\000B\000L\000E\000S}{}% 6
\BOOKMARK [0][-]{chapter*.1}{\376\377\000A\000B\000B\000R\000E\000V\000I\000A\000T\000I\000O\000N\000\040\000A\000N\000D\000\040\000T\000E\000R\000M\000S}{}% 7
\BOOKMARK [0][-]{section*.2}{\376\377\000I\000N\000T\000R\000O\000D\000U\000C\000T\000I\000O\000N}{}% 8
\BOOKMARK [0][-]{chapter.1}{\376\377\000B\000a\000c\000k\000g\000r\000o\000u\000n\000d\000s}{}% 9
\BOOKMARK [1][-]{section.1.1}{\376\377\000I\000n\000t\000r\000o\000d\000u\000c\000t\000i\000o\000n}{chapter.1}% 10
\BOOKMARK [1][-]{section.1.2}{\376\377\000M\000o\000d\000e\000l\000-\000D\000r\000i\000v\000e\000n\000\040\000E\000n\000g\000i\000n\000e\000e\000r\000i\000n\000g}{chapter.1}% 11
\BOOKMARK [1][-]{section.1.3}{\376\377\000U\000n\000i\000f\000i\000e\000d\000\040\000M\000o\000d\000e\000l\000i\000n\000g\000\040\000L\000a\000n\000g\000u\000a\000g\000e\000\040\000\050\000U\000M\000L\000\051}{chapter.1}% 12
\BOOKMARK [2][-]{subsection.1.3.1}{\376\377\000C\000l\000a\000s\000s\000\040\000D\000i\000a\000g\000r\000a\000m}{section.1.3}% 13
\BOOKMARK [2][-]{subsection.1.3.2}{\376\377\000O\000b\000j\000e\000c\000t\000\040\000D\000i\000a\000g\000r\000a\000m}{section.1.3}% 14
\BOOKMARK [1][-]{section.1.4}{\376\377\000O\000b\000j\000e\000c\000t\000\040\000C\000o\000n\000s\000t\000r\000a\000i\000n\000t\000\040\000L\000a\000n\000g\000u\000a\000g\000e\000\040\000\050\000O\000C\000L\000\051}{chapter.1}% 15
\BOOKMARK [2][-]{subsection.1.4.1}{\376\377\000O\000v\000e\000r\000v\000i\000e\000w}{section.1.4}% 16
\BOOKMARK [2][-]{subsection.1.4.2}{\376\377\000O\000C\000L\000\040\000L\000i\000m\000i\000t\000a\000t\000i\000o\000n\000s}{section.1.4}% 17
\BOOKMARK [1][-]{section.1.5}{\376\377\000U\000M\000L\000-\000b\000a\000s\000e\000d\000\040\000S\000p\000e\000c\000i\000f\000i\000c\000a\000t\000i\000o\000n\000\040\000E\000n\000v\000i\000r\000o\000n\000m\000e\000n\000t\000\040\000\050\000U\000S\000E\000\051}{chapter.1}% 18
\BOOKMARK [2][-]{subsection.1.5.1}{\376\377\000O\000v\000e\000r\000v\000i\000e\000w}{section.1.5}% 19
\BOOKMARK [2][-]{subsection.1.5.2}{\376\377\000U\000S\000E\000\040\000F\000e\000a\000t\000u\000r\000e\000s}{section.1.5}% 20
\BOOKMARK [2][-]{subsection.1.5.3}{\376\377\000U\000S\000E\000\040\000M\000o\000d\000e\000l\000\040\000V\000a\000l\000i\000d\000a\000t\000o\000r}{section.1.5}% 21
\BOOKMARK [2][-]{subsection.1.5.4}{\376\377\000F\000i\000l\000m\000s\000t\000r\000i\000p\000p\000i\000n\000g}{section.1.5}% 22
\BOOKMARK [3][-]{subsubsection.1.5.4.1}{\376\377\000F\000i\000l\000m\000s\000t\000r\000i\000p\000\040\000M\000o\000d\000e\000l\000\040\000T\000r\000a\000n\000s\000f\000o\000r\000m\000a\000t\000i\000o\000n}{subsection.1.5.4}% 23
\BOOKMARK [0][-]{chapter.2}{\376\377\000T\000e\000m\000p\000o\000r\000a\000l\000\040\000a\000n\000d\000\040\000E\000v\000e\000n\000t\000\040\000C\000o\000n\000s\000t\000r\000u\000c\000t\000s\000\040\000f\000o\000r\000\040\000O\000C\000L}{}% 24
\BOOKMARK [1][-]{section.2.1}{\376\377\000I\000n\000t\000r\000o\000d\000u\000c\000t\000i\000o\000n}{chapter.2}% 25
\BOOKMARK [1][-]{section.2.2}{\376\377\000A\000n\000\040\000E\000x\000t\000e\000n\000d\000e\000d\000\040\000O\000C\000L\000\040\000f\000o\000r\000\040\000T\000e\000m\000p\000o\000r\000a\000l\000\040\000a\000n\000d\000\040\000E\000v\000e\000n\000t\000\040\000S\000p\000e\000c\000i\000f\000i\000c\000a\000t\000i\000o\000n\000s}{chapter.2}% 26
\BOOKMARK [2][-]{subsection.2.2.1}{\376\377\000T\000O\000C\000L}{section.2.2}% 27
\BOOKMARK [3][-]{subsubsection.2.2.1.1}{\376\377\000A\000d\000o\000p\000t\000e\000d\000\040\000T\000O\000C\000L\000\040\000T\000e\000m\000p\000o\000r\000a\000l\000\040\000O\000p\000e\000r\000a\000t\000o\000r\000s}{subsection.2.2.1}% 28
\BOOKMARK [3][-]{subsubsection.2.2.1.2}{\376\377\000S\000y\000n\000t\000a\000x\000\040\000a\000n\000d\000\040\000S\000e\000m\000a\000n\000t\000i\000c\000s}{subsection.2.2.1}% 29
\BOOKMARK [3][-]{subsubsection.2.2.1.3}{\376\377\000E\000x\000a\000m\000p\000l\000e\000\040\000S\000p\000e\000c\000i\000f\000i\000c\000a\000t\000i\000o\000n\000s}{subsection.2.2.1}% 30
\BOOKMARK [2][-]{subsection.2.2.2}{\376\377\000E\000v\000e\000n\000t\000\040\000C\000o\000n\000s\000t\000r\000u\000c\000t\000s\000\040\000i\000n\000\040\000O\000C\000L}{section.2.2}% 31
\BOOKMARK [3][-]{subsubsection.2.2.2.1}{\376\377\000F\000o\000r\000m\000a\000l\000\040\000D\000e\000f\000i\000n\000i\000t\000i\000o\000n}{subsection.2.2.2}% 32
\BOOKMARK [3][-]{subsubsection.2.2.2.2}{\376\377\000E\000x\000a\000m\000p\000l\000e\000s}{subsection.2.2.2}% 33
\BOOKMARK [0][-]{chapter.3}{\376\377\000I\000M\000P\000L\000E\000M\000E\000N\000T\000A\000T\000I\000O\000N\000\040\000A\000N\000D\000\040\000E\000X\000P\000E\000R\000I\000M\000E\000N\000T\000S}{}% 34
\BOOKMARK [0][-]{chapter.3}{\376\377\000K\036\276\000T\000\040\000L\000U\036\254\000N}{}% 35
\BOOKMARK [0][-]{chapter*.8}{\376\377\000R\000E\000F\000E\000R\000E\000N\000C\000E\000S}{}% 36
